Pallazo/app/build/intermediates/manifest_merge_blame_file/release/manifest-merger-blame-release-report.txt
1<?xml version="1.0" encoding="utf-8"?>
2<manifest xmlns:android="http://schemas.android.com/apk/res/android"
3    package="com.example.pallazo"
4    android:versionCode="1"
5    android:versionName="1.0" >
6
7    <uses-sdk
8        android:minSdkVersion="16"
8-->src\main\AndroidManifest.xml
9        android:targetSdkVersion="29" />
9-->src\main\AndroidManifest.xml
10
11    <uses-permission android:name="android.permission.CAMERA" />
11-->src\main\AndroidManifest.xml:5:5-65
11-->src\main\AndroidManifest.xml:5:22-62
12    <uses-permission android:name="android.permission.INTERNET" />
12-->src\main\AndroidManifest.xml:6:5-67
12-->src\main\AndroidManifest.xml:6:22-64
13
14    <!-- Although the *SdkVersion is captured in gradle build files, this is required for non gradle builds -->
15    <!-- <uses-sdk android:minSdkVersion="14"/> -->
16    <uses-permission android:name="android.permission.ACCESS_NETWORK_STATE" />
16-->[com.google.firebase:firebase-database:19.2.1] AndroidManifest.xml:25:5-79
16-->[com.google.firebase:firebase-database:19.2.1] AndroidManifest.xml:25:22-76
17
18    <application
18-->src\main\AndroidManifest.xml:8:5-33:19
19        android:allowBackup="true"
19-->src\main\AndroidManifest.xml:9:9-35
20        android:appComponentFactory="androidx.core.app.CoreComponentFactory"
20-->[androidx.core:core:1.1.0] AndroidManifest.xml:24:18-86
21        android:icon="@mipmap/ic_launcher"
21-->src\main\AndroidManifest.xml:10:9-43
22        android:label="@string/app_name"
22-->src\main\AndroidManifest.xml:11:9-41
23        android:roundIcon="@mipmap/ic_launcher_round"
23-->src\main\AndroidManifest.xml:12:9-54
24        android:supportsRtl="true"
24-->src\main\AndroidManifest.xml:13:9-35
25        android:testOnly="true"
26        android:theme="@style/AppTheme" >
26-->src\main\AndroidManifest.xml:14:9-40
27        <activity android:name="com.example.pallazo.ResponseActivity" />
27-->src\main\AndroidManifest.xml:15:9-63
27-->src\main\AndroidManifest.xml:15:19-51
28
29        <uses-library
29-->src\main\AndroidManifest.xml:17:9-19:40
30            android:name="org.apache.http.legacy"
30-->src\main\AndroidManifest.xml:18:13-50
31            android:required="false" />
31-->src\main\AndroidManifest.xml:19:13-37
32
33        <activity android:name="com.example.pallazo.ScanActivity" />
33-->src\main\AndroidManifest.xml:21:9-50
33-->src\main\AndroidManifest.xml:21:19-47
34        <activity android:name="com.example.pallazo.MainActivity" >
34-->src\main\AndroidManifest.xml:22:9-28:20
34-->src\main\AndroidManifest.xml:22:19-47
35            <intent-filter>
35-->src\main\AndroidManifest.xml:23:13-27:29
36                <action android:name="android.intent.action.MAIN" />
36-->src\main\AndroidManifest.xml:24:17-69
36-->src\main\AndroidManifest.xml:24:25-66
37
38                <category android:name="android.intent.category.LAUNCHER" />
38-->src\main\AndroidManifest.xml:26:17-77
38-->src\main\AndroidManifest.xml:26:27-74
39            </intent-filter>
40        </activity>
41
42        <meta-data
42-->src\main\AndroidManifest.xml:30:9-32:57
43            android:name="preloaded_fonts"
43-->src\main\AndroidManifest.xml:31:13-43
44            android:resource="@array/preloaded_fonts" />
44-->src\main\AndroidManifest.xml:32:13-54
45
46        <service
46-->[com.google.firebase:firebase-database:19.2.1] AndroidManifest.xml:29:9-35:19
47            android:name="com.google.firebase.components.ComponentDiscoveryService"
47-->[com.google.firebase:firebase-database:19.2.1] AndroidManifest.xml:30:13-84
48            android:directBootAware="true"
48-->[com.google.firebase:firebase-common:19.3.0] AndroidManifest.xml:34:13-43
49            android:exported="false" >
49-->[com.google.firebase:firebase-database:19.2.1] AndroidManifest.xml:31:13-37
50            <meta-data
50-->[com.google.firebase:firebase-database:19.2.1] AndroidManifest.xml:32:13-34:85
51                android:name="com.google.firebase.components:com.google.firebase.database.DatabaseRegistrar"
51-->[com.google.firebase:firebase-database:19.2.1] AndroidManifest.xml:33:17-109
52                android:value="com.google.firebase.components.ComponentRegistrar" />
52-->[com.google.firebase:firebase-database:19.2.1] AndroidManifest.xml:34:17-82
53        </service>
54
55        <activity
55-->[com.google.android.gms:play-services-auth:18.0.0] AndroidManifest.xml:23:9-27:75
56            android:name="com.google.android.gms.auth.api.signin.internal.SignInHubActivity"
56-->[com.google.android.gms:play-services-auth:18.0.0] AndroidManifest.xml:24:13-93
57            android:excludeFromRecents="true"
57-->[com.google.android.gms:play-services-auth:18.0.0] AndroidManifest.xml:25:13-46
58            android:exported="false"
58-->[com.google.android.gms:play-services-auth:18.0.0] AndroidManifest.xml:26:13-37
59            android:theme="@android:style/Theme.Translucent.NoTitleBar" />
59-->[com.google.android.gms:play-services-auth:18.0.0] AndroidManifest.xml:27:13-72
60        <!--
61            Service handling Google Sign-In user revocation. For apps that do not integrate with
62            Google Sign-In, this service will never be started.
63        -->
64        <service
64-->[com.google.android.gms:play-services-auth:18.0.0] AndroidManifest.xml:33:9-36:110
65            android:name="com.google.android.gms.auth.api.signin.RevocationBoundService"
65-->[com.google.android.gms:play-services-auth:18.0.0] AndroidManifest.xml:34:13-89
66            android:exported="true"
66-->[com.google.android.gms:play-services-auth:18.0.0] AndroidManifest.xml:35:13-36
67            android:permission="com.google.android.gms.auth.api.signin.permission.REVOCATION_NOTIFICATION" />
67-->[com.google.android.gms:play-services-auth:18.0.0] AndroidManifest.xml:36:13-107
68
69        <activity
69-->[com.google.android.gms:play-services-base:17.1.0] AndroidManifest.xml:23:9-26:75
70            android:name="com.google.android.gms.common.api.GoogleApiActivity"
70-->[com.google.android.gms:play-services-base:17.1.0] AndroidManifest.xml:24:13-79
71            android:exported="false"
71-->[com.google.android.gms:play-services-base:17.1.0] AndroidManifest.xml:25:13-37
72            android:theme="@android:style/Theme.Translucent.NoTitleBar" />
72-->[com.google.android.gms:play-services-base:17.1.0] AndroidManifest.xml:26:13-72
73
74        <provider
74-->[com.google.firebase:firebase-common:19.3.0] AndroidManifest.xml:26:9-30:39
75            android:name="com.google.firebase.provider.FirebaseInitProvider"
75-->[com.google.firebase:firebase-common:19.3.0] AndroidManifest.xml:27:13-77
76            android:authorities="com.example.pallazo.firebaseinitprovider"
76-->[com.google.firebase:firebase-common:19.3.0] AndroidManifest.xml:28:13-72
77            android:exported="false"
77-->[com.google.firebase:firebase-common:19.3.0] AndroidManifest.xml:29:13-37
78            android:initOrder="100" />
78-->[com.google.firebase:firebase-common:19.3.0] AndroidManifest.xml:30:13-36
79
80        <meta-data
80-->[com.google.android.gms:play-services-basement:17.1.1] AndroidManifest.xml:23:9-25:69
81            android:name="com.google.android.gms.version"
81-->[com.google.android.gms:play-services-basement:17.1.1] AndroidManifest.xml:24:13-58
82            android:value="@integer/google_play_services_version" />
82-->[com.google.android.gms:play-services-basement:17.1.1] AndroidManifest.xml:25:13-66
83    </application>
84
85</manifest>